<?xml version="1.0" encoding="UTF-8"?>
<testsuite xmlns:xsi="http://www.w3.org/2001/XMLSchema-instance" xsi:noNamespaceSchemaLocation="https://maven.apache.org/surefire/maven-surefire-plugin/xsd/surefire-test-report.xsd" name="BooksFromFileTest" time="0.64" tests="3" errors="0" skipped="0" failures="0">
  <properties>
[...]
</properties>
  <testcase name="methodReturnsBooks" classname="BooksFromFileTest" time="0.364"/>
  <testcase name="methodReturnsBooks2" classname="BooksFromFileTest" time="0.008"/>
  <testcase name="methodReadBooksExists" classname="BooksFromFileTest" time="0"/>
</testsuite>